<?xml version="1.0" encoding="UTF-8"?>
<testsuite name="KotlinSocketTest" tests="4" skipped="0" failures="0" errors="0" timestamp="2019-10-29T23:35:24" hostname="archlinux" time="2.233">
  <properties/>
  <testcase name="The leader neighbors should say something" classname="KotlinSocketTest" time="2.232"/>
  <testcase name="There should be at least 1 leader" classname="KotlinSocketTest" time="2.289"/>
  <testcase name="The leaders should announce their id" classname="KotlinSocketTest" time="2.237"/>
  <testcase name="The leader count should be correct" classname="KotlinSocketTest" time="2.276"/>
  <system-out><![CDATA[0    [kotlintest-engine-0 @coroutine#1] INFO            io.moquette.broker.Server  - Starting Moquette integration. Configuration file path=/home/filo/universita/3/tirocinio/Protelis-Demo/06-kotlin-mqtt/config/moquette.conf
3    [kotlintest-engine-0 @coroutine#1] INFO  .broker.config.ResourceLoaderConfig  - Loading configuration. ResourceLoader = file, configName = null.
3    [kotlintest-engine-0 @coroutine#1] INFO  te.broker.config.FileResourceLoader  - Loading file. Path = /home/filo/universita/3/tirocinio/Protelis-Demo/06-kotlin-mqtt/config/moquette.conf.
5    [kotlintest-engine-0 @coroutine#1] INFO  .broker.config.ResourceLoaderConfig  - Parsing configuration properties. ResourceLoader = file, configName = null.
7    [kotlintest-engine-0 @coroutine#1] INFO            io.moquette.broker.Server  - Configuring message interceptors...
8    [kotlintest-engine-0 @coroutine#1] INFO  ette.interception.BrokerInterceptor  - Initializing broker interceptor. InterceptorIds=[]
10   [kotlintest-engine-0 @coroutine#1] INFO            io.moquette.broker.Server  - Using default SSL context creator
11   [kotlintest-engine-0 @coroutine#1] INFO            io.moquette.broker.Server  - An io.moquette.broker.security.AcceptAllAuthenticator authenticator instance will be used
11   [kotlintest-engine-0 @coroutine#1] INFO            io.moquette.broker.Server  - Authorizator policy io.moquette.broker.security.PermitAllAuthorizatorPolicy instance will be used
12   [kotlintest-engine-0 @coroutine#1] INFO  riptions.CTrieSubscriptionDirectory  - Initializing CTrie
14   [kotlintest-engine-0 @coroutine#1] INFO  riptions.CTrieSubscriptionDirectory  - Initializing subscriptions store...
99   [kotlintest-engine-0 @coroutine#1] INFO  io.moquette.broker.NewNettyAcceptor  - Netty is using NIO
206  [kotlintest-engine-0 @coroutine#1] INFO  io.moquette.broker.NewNettyAcceptor  - Server bound to host=127.0.0.1, port=1883, protocol=TCP MQTT
209  [kotlintest-engine-0 @coroutine#1] INFO  io.moquette.broker.NewNettyAcceptor  - Property websocket_port has been setted to disabled. Websocket MQTT will be disabled
209  [kotlintest-engine-0 @coroutine#1] INFO            io.moquette.broker.Server  - Moquette integration has been started successfully in 202 ms
606  [nioEventLoopGroup-3-1] INFO  te.broker.metrics.MQTTMessageLogger  - C->B CONNECT <null>
618  [nioEventLoopGroup-3-1] INFO  te.broker.metrics.MQTTMessageLogger  - C->B SUBSCRIBE <0> to topics [MqttTopicSubscription[topicFilter=host/0, qualityOfService=EXACTLY_ONCE]]
621  [nioEventLoopGroup-3-1] INFO  te.broker.metrics.MQTTMessageLogger  - C<-B SUBACK <0> packetID <1>, grantedQoses [2]
3555 [nioEventLoopGroup-3-2] INFO  te.broker.metrics.MQTTMessageLogger  - C->B CONNECT <null>
3559 [nioEventLoopGroup-3-2] INFO  te.broker.metrics.MQTTMessageLogger  - C->B SUBSCRIBE <1> to topics [MqttTopicSubscription[topicFilter=host/1, qualityOfService=EXACTLY_ONCE]]
3559 [nioEventLoopGroup-3-2] INFO  te.broker.metrics.MQTTMessageLogger  - C<-B SUBACK <1> packetID <1>, grantedQoses [2]
3930 [nioEventLoopGroup-3-3] INFO  te.broker.metrics.MQTTMessageLogger  - C->B CONNECT <null>
3935 [nioEventLoopGroup-3-3] INFO  te.broker.metrics.MQTTMessageLogger  - C->B SUBSCRIBE <2> to topics [MqttTopicSubscription[topicFilter=host/2, qualityOfService=EXACTLY_ONCE]]
3936 [nioEventLoopGroup-3-3] INFO  te.broker.metrics.MQTTMessageLogger  - C<-B SUBACK <2> packetID <1>, grantedQoses [2]
4285 [nioEventLoopGroup-3-4] INFO  te.broker.metrics.MQTTMessageLogger  - C->B CONNECT <null>
4288 [nioEventLoopGroup-3-4] INFO  te.broker.metrics.MQTTMessageLogger  - C->B SUBSCRIBE <3> to topics [MqttTopicSubscription[topicFilter=host/3, qualityOfService=EXACTLY_ONCE]]
4288 [nioEventLoopGroup-3-4] INFO  te.broker.metrics.MQTTMessageLogger  - C<-B SUBACK <3> packetID <1>, grantedQoses [2]
4621 [nioEventLoopGroup-3-5] INFO  te.broker.metrics.MQTTMessageLogger  - C->B CONNECT <null>
4627 [nioEventLoopGroup-3-5] INFO  te.broker.metrics.MQTTMessageLogger  - C->B SUBSCRIBE <4> to topics [MqttTopicSubscription[topicFilter=host/4, qualityOfService=EXACTLY_ONCE]]
4628 [nioEventLoopGroup-3-5] INFO  te.broker.metrics.MQTTMessageLogger  - C<-B SUBACK <4> packetID <1>, grantedQoses [2]
The leader is at 0
The leader's count is: 3.0
4775 [nioEventLoopGroup-3-1] INFO  te.broker.metrics.MQTTMessageLogger  - C<-B PUBACK <0> packetID <2>
5260 [nioEventLoopGroup-3-2] INFO  te.broker.metrics.MQTTMessageLogger  - C->B PUBACK <1> packetID <1>
5283 [nioEventLoopGroup-3-1] INFO  te.broker.metrics.MQTTMessageLogger  - C<-B PUBACK <0> packetID <3>
5311 [nioEventLoopGroup-3-5] INFO  te.broker.metrics.MQTTMessageLogger  - C->B PUBACK <4> packetID <1>
Hello from the leader to its neighbor at 1
6286 [nioEventLoopGroup-3-2] INFO  te.broker.metrics.MQTTMessageLogger  - C<-B PUBACK <1> packetID <2>
6617 [nioEventLoopGroup-3-3] INFO  te.broker.metrics.MQTTMessageLogger  - C->B PUBACK <2> packetID <1>
7260 [nioEventLoopGroup-3-2] INFO  te.broker.metrics.MQTTMessageLogger  - C<-B PUBACK <1> packetID <3>
7284 [nioEventLoopGroup-3-1] INFO  te.broker.metrics.MQTTMessageLogger  - C->B PUBACK <0> packetID <1>
8263 [nioEventLoopGroup-3-3] INFO  te.broker.metrics.MQTTMessageLogger  - C<-B PUBACK <2> packetID <2>
8617 [nioEventLoopGroup-3-3] INFO  te.broker.metrics.MQTTMessageLogger  - C<-B PUBACK <2> packetID <3>
8984 [nioEventLoopGroup-3-4] INFO  te.broker.metrics.MQTTMessageLogger  - C->B PUBACK <3> packetID <1>
9263 [nioEventLoopGroup-3-2] INFO  te.broker.metrics.MQTTMessageLogger  - C->B PUBACK <1> packetID <2>
9619 [nioEventLoopGroup-3-4] INFO  te.broker.metrics.MQTTMessageLogger  - C<-B PUBACK <3> packetID <2>
9984 [nioEventLoopGroup-3-4] INFO  te.broker.metrics.MQTTMessageLogger  - C<-B PUBACK <3> packetID <3>
10316 [nioEventLoopGroup-3-5] INFO  te.broker.metrics.MQTTMessageLogger  - C->B PUBACK <4> packetID <2>
10620 [nioEventLoopGroup-3-3] INFO  te.broker.metrics.MQTTMessageLogger  - C->B PUBACK <2> packetID <2>
Hello from the leader to its neighbor at 4
10990 [nioEventLoopGroup-3-5] INFO  te.broker.metrics.MQTTMessageLogger  - C<-B PUBACK <4> packetID <2>
11288 [nioEventLoopGroup-3-1] INFO  te.broker.metrics.MQTTMessageLogger  - C->B PUBACK <0> packetID <2>
11315 [nioEventLoopGroup-3-5] INFO  te.broker.metrics.MQTTMessageLogger  - C<-B PUBACK <4> packetID <3>
11988 [nioEventLoopGroup-3-4] INFO  te.broker.metrics.MQTTMessageLogger  - C->B PUBACK <3> packetID <2>
The leader is at 0
The leader's count is: 2.0
12320 [nioEventLoopGroup-3-1] INFO  te.broker.metrics.MQTTMessageLogger  - C<-B PUBACK <0> packetID <4>
13269 [nioEventLoopGroup-3-2] INFO  te.broker.metrics.MQTTMessageLogger  - C->B PUBACK <1> packetID <3>
13291 [nioEventLoopGroup-3-1] INFO  te.broker.metrics.MQTTMessageLogger  - C<-B PUBACK <0> packetID <5>
13318 [nioEventLoopGroup-3-5] INFO  te.broker.metrics.MQTTMessageLogger  - C->B PUBACK <4> packetID <3>
Hello from the leader to its neighbor at 1
14296 [nioEventLoopGroup-3-2] INFO  te.broker.metrics.MQTTMessageLogger  - C<-B PUBACK <1> packetID <4>
14626 [nioEventLoopGroup-3-3] INFO  te.broker.metrics.MQTTMessageLogger  - C->B PUBACK <2> packetID <3>
15270 [nioEventLoopGroup-3-2] INFO  te.broker.metrics.MQTTMessageLogger  - C<-B PUBACK <1> packetID <5>
15296 [nioEventLoopGroup-3-1] INFO  te.broker.metrics.MQTTMessageLogger  - C->B PUBACK <0> packetID <3>
16272 [nioEventLoopGroup-3-3] INFO  te.broker.metrics.MQTTMessageLogger  - C<-B PUBACK <2> packetID <4>
16627 [nioEventLoopGroup-3-3] INFO  te.broker.metrics.MQTTMessageLogger  - C<-B PUBACK <2> packetID <5>
16994 [nioEventLoopGroup-3-4] INFO  te.broker.metrics.MQTTMessageLogger  - C->B PUBACK <3> packetID <3>
17275 [nioEventLoopGroup-3-2] INFO  te.broker.metrics.MQTTMessageLogger  - C->B PUBACK <1> packetID <4>
17630 [nioEventLoopGroup-3-4] INFO  te.broker.metrics.MQTTMessageLogger  - C<-B PUBACK <3> packetID <4>
17994 [nioEventLoopGroup-3-4] INFO  te.broker.metrics.MQTTMessageLogger  - C<-B PUBACK <3> packetID <5>
18325 [nioEventLoopGroup-3-5] INFO  te.broker.metrics.MQTTMessageLogger  - C->B PUBACK <4> packetID <4>
18631 [nioEventLoopGroup-3-3] INFO  te.broker.metrics.MQTTMessageLogger  - C->B PUBACK <2> packetID <4>
Hello from the leader to its neighbor at 4
18997 [nioEventLoopGroup-3-5] INFO  te.broker.metrics.MQTTMessageLogger  - C<-B PUBACK <4> packetID <4>
19303 [nioEventLoopGroup-3-1] INFO  te.broker.metrics.MQTTMessageLogger  - C->B PUBACK <0> packetID <4>
19324 [nioEventLoopGroup-3-5] INFO  te.broker.metrics.MQTTMessageLogger  - C<-B PUBACK <4> packetID <5>
19997 [nioEventLoopGroup-3-4] INFO  te.broker.metrics.MQTTMessageLogger  - C->B PUBACK <3> packetID <4>
The leader is at 0
The leader's count is: 1.0
20330 [nioEventLoopGroup-3-1] INFO  te.broker.metrics.MQTTMessageLogger  - C<-B PUBACK <0> packetID <6>
21279 [nioEventLoopGroup-3-2] INFO  te.broker.metrics.MQTTMessageLogger  - C->B PUBACK <1> packetID <5>
21305 [nioEventLoopGroup-3-1] INFO  te.broker.metrics.MQTTMessageLogger  - C<-B PUBACK <0> packetID <7>
21329 [nioEventLoopGroup-3-5] INFO  te.broker.metrics.MQTTMessageLogger  - C->B PUBACK <4> packetID <5>
Hello from the leader to its neighbor at 1
22309 [nioEventLoopGroup-3-2] INFO  te.broker.metrics.MQTTMessageLogger  - C<-B PUBACK <1> packetID <6>
22635 [nioEventLoopGroup-3-3] INFO  te.broker.metrics.MQTTMessageLogger  - C->B PUBACK <2> packetID <5>
23281 [nioEventLoopGroup-3-2] INFO  te.broker.metrics.MQTTMessageLogger  - C<-B PUBACK <1> packetID <7>
23309 [nioEventLoopGroup-3-1] INFO  te.broker.metrics.MQTTMessageLogger  - C->B PUBACK <0> packetID <5>
24284 [nioEventLoopGroup-3-3] INFO  te.broker.metrics.MQTTMessageLogger  - C<-B PUBACK <2> packetID <6>
24637 [nioEventLoopGroup-3-3] INFO  te.broker.metrics.MQTTMessageLogger  - C<-B PUBACK <2> packetID <7>
25004 [nioEventLoopGroup-3-4] INFO  te.broker.metrics.MQTTMessageLogger  - C->B PUBACK <3> packetID <5>
25285 [nioEventLoopGroup-3-2] INFO  te.broker.metrics.MQTTMessageLogger  - C->B PUBACK <1> packetID <6>
25639 [nioEventLoopGroup-3-4] INFO  te.broker.metrics.MQTTMessageLogger  - C<-B PUBACK <3> packetID <6>
26004 [nioEventLoopGroup-3-4] INFO  te.broker.metrics.MQTTMessageLogger  - C<-B PUBACK <3> packetID <7>
26334 [nioEventLoopGroup-3-5] INFO  te.broker.metrics.MQTTMessageLogger  - C->B PUBACK <4> packetID <6>
26641 [nioEventLoopGroup-3-3] INFO  te.broker.metrics.MQTTMessageLogger  - C->B PUBACK <2> packetID <6>
Hello from the leader to its neighbor at 4
27007 [nioEventLoopGroup-3-5] INFO  te.broker.metrics.MQTTMessageLogger  - C<-B PUBACK <4> packetID <6>
27314 [nioEventLoopGroup-3-1] INFO  te.broker.metrics.MQTTMessageLogger  - C->B PUBACK <0> packetID <6>
27334 [nioEventLoopGroup-3-5] INFO  te.broker.metrics.MQTTMessageLogger  - C<-B PUBACK <4> packetID <7>
28007 [nioEventLoopGroup-3-4] INFO  te.broker.metrics.MQTTMessageLogger  - C->B PUBACK <3> packetID <6>
The leader is at 0
The leader's count is: 0.0
28340 [nioEventLoopGroup-3-1] INFO  te.broker.metrics.MQTTMessageLogger  - C<-B PUBACK <0> packetID <8>
29289 [nioEventLoopGroup-3-2] INFO  te.broker.metrics.MQTTMessageLogger  - C->B PUBACK <1> packetID <7>
29315 [nioEventLoopGroup-3-1] INFO  te.broker.metrics.MQTTMessageLogger  - C<-B PUBACK <0> packetID <9>
29335 [nioEventLoopGroup-3-5] INFO  te.broker.metrics.MQTTMessageLogger  - C->B PUBACK <4> packetID <7>
Hello from the leader to its neighbor at 1
30320 [nioEventLoopGroup-3-2] INFO  te.broker.metrics.MQTTMessageLogger  - C<-B PUBACK <1> packetID <8>
30646 [nioEventLoopGroup-3-3] INFO  te.broker.metrics.MQTTMessageLogger  - C->B PUBACK <2> packetID <7>
31291 [nioEventLoopGroup-3-2] INFO  te.broker.metrics.MQTTMessageLogger  - C<-B PUBACK <1> packetID <9>
31317 [nioEventLoopGroup-3-1] INFO  te.broker.metrics.MQTTMessageLogger  - C->B PUBACK <0> packetID <7>
32293 [nioEventLoopGroup-3-3] INFO  te.broker.metrics.MQTTMessageLogger  - C<-B PUBACK <2> packetID <8>
32647 [nioEventLoopGroup-3-3] INFO  te.broker.metrics.MQTTMessageLogger  - C<-B PUBACK <2> packetID <9>
33009 [nioEventLoopGroup-3-4] INFO  te.broker.metrics.MQTTMessageLogger  - C->B PUBACK <3> packetID <7>
33294 [nioEventLoopGroup-3-2] INFO  te.broker.metrics.MQTTMessageLogger  - C->B PUBACK <1> packetID <8>
33649 [nioEventLoopGroup-3-4] INFO  te.broker.metrics.MQTTMessageLogger  - C<-B PUBACK <3> packetID <8>
34010 [nioEventLoopGroup-3-4] INFO  te.broker.metrics.MQTTMessageLogger  - C<-B PUBACK <3> packetID <9>
34343 [nioEventLoopGroup-3-5] INFO  te.broker.metrics.MQTTMessageLogger  - C->B PUBACK <4> packetID <8>
34650 [nioEventLoopGroup-3-3] INFO  te.broker.metrics.MQTTMessageLogger  - C->B PUBACK <2> packetID <8>
Hello from the leader to its neighbor at 4
35013 [nioEventLoopGroup-3-5] INFO  te.broker.metrics.MQTTMessageLogger  - C<-B PUBACK <4> packetID <8>
35323 [nioEventLoopGroup-3-1] INFO  te.broker.metrics.MQTTMessageLogger  - C->B PUBACK <0> packetID <8>
35343 [nioEventLoopGroup-3-5] INFO  te.broker.metrics.MQTTMessageLogger  - C<-B PUBACK <4> packetID <9>
36012 [nioEventLoopGroup-3-4] INFO  te.broker.metrics.MQTTMessageLogger  - C->B PUBACK <3> packetID <8>
The leader is at 0
The leader's count is: 0.0
36349 [nioEventLoopGroup-3-1] INFO  te.broker.metrics.MQTTMessageLogger  - C<-B PUBACK <0> packetID <10>
37299 [nioEventLoopGroup-3-2] INFO  te.broker.metrics.MQTTMessageLogger  - C->B PUBACK <1> packetID <9>
37324 [nioEventLoopGroup-3-1] INFO  te.broker.metrics.MQTTMessageLogger  - C<-B PUBACK <0> packetID <11>
37345 [nioEventLoopGroup-3-5] INFO  te.broker.metrics.MQTTMessageLogger  - C->B PUBACK <4> packetID <9>
Hello from the leader to its neighbor at 1
38327 [nioEventLoopGroup-3-2] INFO  te.broker.metrics.MQTTMessageLogger  - C<-B PUBACK <1> packetID <10>
38655 [nioEventLoopGroup-3-3] INFO  te.broker.metrics.MQTTMessageLogger  - C->B PUBACK <2> packetID <9>
39301 [nioEventLoopGroup-3-2] INFO  te.broker.metrics.MQTTMessageLogger  - C<-B PUBACK <1> packetID <11>
39328 [nioEventLoopGroup-3-1] INFO  te.broker.metrics.MQTTMessageLogger  - C->B PUBACK <0> packetID <9>
40303 [nioEventLoopGroup-3-3] INFO  te.broker.metrics.MQTTMessageLogger  - C<-B PUBACK <2> packetID <10>
40657 [nioEventLoopGroup-3-3] INFO  te.broker.metrics.MQTTMessageLogger  - C<-B PUBACK <2> packetID <11>
41019 [nioEventLoopGroup-3-4] INFO  te.broker.metrics.MQTTMessageLogger  - C->B PUBACK <3> packetID <9>
41304 [nioEventLoopGroup-3-2] INFO  te.broker.metrics.MQTTMessageLogger  - C->B PUBACK <1> packetID <10>
41659 [nioEventLoopGroup-3-4] INFO  te.broker.metrics.MQTTMessageLogger  - C<-B PUBACK <3> packetID <10>
42019 [nioEventLoopGroup-3-4] INFO  te.broker.metrics.MQTTMessageLogger  - C<-B PUBACK <3> packetID <11>
42351 [nioEventLoopGroup-3-5] INFO  te.broker.metrics.MQTTMessageLogger  - C->B PUBACK <4> packetID <10>
42661 [nioEventLoopGroup-3-3] INFO  te.broker.metrics.MQTTMessageLogger  - C->B PUBACK <2> packetID <10>
Hello from the leader to its neighbor at 4
43022 [nioEventLoopGroup-3-5] INFO  te.broker.metrics.MQTTMessageLogger  - C<-B PUBACK <4> packetID <10>
43333 [nioEventLoopGroup-3-1] INFO  te.broker.metrics.MQTTMessageLogger  - C->B PUBACK <0> packetID <10>
43351 [nioEventLoopGroup-3-5] INFO  te.broker.metrics.MQTTMessageLogger  - C<-B PUBACK <4> packetID <11>
44023 [nioEventLoopGroup-3-4] INFO  te.broker.metrics.MQTTMessageLogger  - C->B PUBACK <3> packetID <10>
The leader is at 0
The leader's count is: 0.0
44359 [nioEventLoopGroup-3-1] INFO  te.broker.metrics.MQTTMessageLogger  - C<-B PUBACK <0> packetID <12>
45309 [nioEventLoopGroup-3-2] INFO  te.broker.metrics.MQTTMessageLogger  - C->B PUBACK <1> packetID <11>
45335 [nioEventLoopGroup-3-1] INFO  te.broker.metrics.MQTTMessageLogger  - C<-B PUBACK <0> packetID <13>
45354 [nioEventLoopGroup-3-5] INFO  te.broker.metrics.MQTTMessageLogger  - C->B PUBACK <4> packetID <11>
Hello from the leader to its neighbor at 1
46338 [nioEventLoopGroup-3-2] INFO  te.broker.metrics.MQTTMessageLogger  - C<-B PUBACK <1> packetID <12>
46666 [nioEventLoopGroup-3-3] INFO  te.broker.metrics.MQTTMessageLogger  - C->B PUBACK <2> packetID <11>
47312 [nioEventLoopGroup-3-2] INFO  te.broker.metrics.MQTTMessageLogger  - C<-B PUBACK <1> packetID <13>
47338 [nioEventLoopGroup-3-1] INFO  te.broker.metrics.MQTTMessageLogger  - C->B PUBACK <0> packetID <11>
48314 [nioEventLoopGroup-3-3] INFO  te.broker.metrics.MQTTMessageLogger  - C<-B PUBACK <2> packetID <12>
48668 [nioEventLoopGroup-3-3] INFO  te.broker.metrics.MQTTMessageLogger  - C<-B PUBACK <2> packetID <13>
49029 [nioEventLoopGroup-3-4] INFO  te.broker.metrics.MQTTMessageLogger  - C->B PUBACK <3> packetID <11>
49315 [nioEventLoopGroup-3-2] INFO  te.broker.metrics.MQTTMessageLogger  - C->B PUBACK <1> packetID <12>
49670 [nioEventLoopGroup-3-4] INFO  te.broker.metrics.MQTTMessageLogger  - C<-B PUBACK <3> packetID <12>
50029 [nioEventLoopGroup-3-4] INFO  te.broker.metrics.MQTTMessageLogger  - C<-B PUBACK <3> packetID <13>
50360 [nioEventLoopGroup-3-5] INFO  te.broker.metrics.MQTTMessageLogger  - C->B PUBACK <4> packetID <12>
50671 [nioEventLoopGroup-3-3] INFO  te.broker.metrics.MQTTMessageLogger  - C->B PUBACK <2> packetID <12>
Hello from the leader to its neighbor at 4
51033 [nioEventLoopGroup-3-5] INFO  te.broker.metrics.MQTTMessageLogger  - C<-B PUBACK <4> packetID <12>
51342 [nioEventLoopGroup-3-1] INFO  te.broker.metrics.MQTTMessageLogger  - C->B PUBACK <0> packetID <12>
51360 [nioEventLoopGroup-3-5] INFO  te.broker.metrics.MQTTMessageLogger  - C<-B PUBACK <4> packetID <13>
52033 [nioEventLoopGroup-3-4] INFO  te.broker.metrics.MQTTMessageLogger  - C->B PUBACK <3> packetID <12>
The leader is at 0
The leader's count is: 0.0
52365 [nioEventLoopGroup-3-1] INFO  te.broker.metrics.MQTTMessageLogger  - C<-B PUBACK <0> packetID <14>
53318 [nioEventLoopGroup-3-2] INFO  te.broker.metrics.MQTTMessageLogger  - C->B PUBACK <1> packetID <13>
53343 [nioEventLoopGroup-3-1] INFO  te.broker.metrics.MQTTMessageLogger  - C<-B PUBACK <0> packetID <15>
53362 [nioEventLoopGroup-3-5] INFO  te.broker.metrics.MQTTMessageLogger  - C->B PUBACK <4> packetID <13>
Hello from the leader to its neighbor at 1
54345 [nioEventLoopGroup-3-2] INFO  te.broker.metrics.MQTTMessageLogger  - C<-B PUBACK <1> packetID <14>
54675 [nioEventLoopGroup-3-3] INFO  te.broker.metrics.MQTTMessageLogger  - C->B PUBACK <2> packetID <13>
55319 [nioEventLoopGroup-3-2] INFO  te.broker.metrics.MQTTMessageLogger  - C<-B PUBACK <1> packetID <15>
55346 [nioEventLoopGroup-3-1] INFO  te.broker.metrics.MQTTMessageLogger  - C->B PUBACK <0> packetID <13>
56322 [nioEventLoopGroup-3-3] INFO  te.broker.metrics.MQTTMessageLogger  - C<-B PUBACK <2> packetID <14>
56676 [nioEventLoopGroup-3-3] INFO  te.broker.metrics.MQTTMessageLogger  - C<-B PUBACK <2> packetID <15>
57038 [nioEventLoopGroup-3-4] INFO  te.broker.metrics.MQTTMessageLogger  - C->B PUBACK <3> packetID <13>
57323 [nioEventLoopGroup-3-2] INFO  te.broker.metrics.MQTTMessageLogger  - C->B PUBACK <1> packetID <14>
57678 [nioEventLoopGroup-3-4] INFO  te.broker.metrics.MQTTMessageLogger  - C<-B PUBACK <3> packetID <14>
58038 [nioEventLoopGroup-3-4] INFO  te.broker.metrics.MQTTMessageLogger  - C<-B PUBACK <3> packetID <15>
58368 [nioEventLoopGroup-3-5] INFO  te.broker.metrics.MQTTMessageLogger  - C->B PUBACK <4> packetID <14>
58679 [nioEventLoopGroup-3-3] INFO  te.broker.metrics.MQTTMessageLogger  - C->B PUBACK <2> packetID <14>
Hello from the leader to its neighbor at 4
59041 [nioEventLoopGroup-3-5] INFO  te.broker.metrics.MQTTMessageLogger  - C<-B PUBACK <4> packetID <14>
59350 [nioEventLoopGroup-3-1] INFO  te.broker.metrics.MQTTMessageLogger  - C->B PUBACK <0> packetID <14>
59369 [nioEventLoopGroup-3-5] INFO  te.broker.metrics.MQTTMessageLogger  - C<-B PUBACK <4> packetID <15>
60041 [nioEventLoopGroup-3-4] INFO  te.broker.metrics.MQTTMessageLogger  - C->B PUBACK <3> packetID <14>
The leader is at 0
The leader's count is: 0.0
60373 [nioEventLoopGroup-3-1] INFO  te.broker.metrics.MQTTMessageLogger  - C<-B PUBACK <0> packetID <16>
61326 [nioEventLoopGroup-3-2] INFO  te.broker.metrics.MQTTMessageLogger  - C->B PUBACK <1> packetID <15>
61351 [nioEventLoopGroup-3-1] INFO  te.broker.metrics.MQTTMessageLogger  - C<-B PUBACK <0> packetID <17>
61371 [nioEventLoopGroup-3-5] INFO  te.broker.metrics.MQTTMessageLogger  - C->B PUBACK <4> packetID <15>
Hello from the leader to its neighbor at 1
62353 [nioEventLoopGroup-3-2] INFO  te.broker.metrics.MQTTMessageLogger  - C<-B PUBACK <1> packetID <16>
62684 [nioEventLoopGroup-3-3] INFO  te.broker.metrics.MQTTMessageLogger  - C->B PUBACK <2> packetID <15>
63328 [nioEventLoopGroup-3-2] INFO  te.broker.metrics.MQTTMessageLogger  - C<-B PUBACK <1> packetID <17>
63354 [nioEventLoopGroup-3-1] INFO  te.broker.metrics.MQTTMessageLogger  - C->B PUBACK <0> packetID <15>
64331 [nioEventLoopGroup-3-3] INFO  te.broker.metrics.MQTTMessageLogger  - C<-B PUBACK <2> packetID <16>
64685 [nioEventLoopGroup-3-3] INFO  te.broker.metrics.MQTTMessageLogger  - C<-B PUBACK <2> packetID <17>
65044 [nioEventLoopGroup-3-4] INFO  te.broker.metrics.MQTTMessageLogger  - C->B PUBACK <3> packetID <15>
65331 [nioEventLoopGroup-3-2] INFO  te.broker.metrics.MQTTMessageLogger  - C->B PUBACK <1> packetID <16>
65687 [nioEventLoopGroup-3-4] INFO  te.broker.metrics.MQTTMessageLogger  - C<-B PUBACK <3> packetID <16>
66044 [nioEventLoopGroup-3-4] INFO  te.broker.metrics.MQTTMessageLogger  - C<-B PUBACK <3> packetID <17>
66375 [nioEventLoopGroup-3-5] INFO  te.broker.metrics.MQTTMessageLogger  - C->B PUBACK <4> packetID <16>
66688 [nioEventLoopGroup-3-3] INFO  te.broker.metrics.MQTTMessageLogger  - C->B PUBACK <2> packetID <16>
Hello from the leader to its neighbor at 4
67047 [nioEventLoopGroup-3-5] INFO  te.broker.metrics.MQTTMessageLogger  - C<-B PUBACK <4> packetID <16>
67356 [nioEventLoopGroup-3-1] INFO  te.broker.metrics.MQTTMessageLogger  - C->B PUBACK <0> packetID <16>
67376 [nioEventLoopGroup-3-5] INFO  te.broker.metrics.MQTTMessageLogger  - C<-B PUBACK <4> packetID <17>
68047 [nioEventLoopGroup-3-4] INFO  te.broker.metrics.MQTTMessageLogger  - C->B PUBACK <3> packetID <16>
The leader is at 0
The leader's count is: 0.0
68380 [nioEventLoopGroup-3-1] INFO  te.broker.metrics.MQTTMessageLogger  - C<-B PUBACK <0> packetID <18>
69335 [nioEventLoopGroup-3-2] INFO  te.broker.metrics.MQTTMessageLogger  - C->B PUBACK <1> packetID <17>
69358 [nioEventLoopGroup-3-1] INFO  te.broker.metrics.MQTTMessageLogger  - C<-B PUBACK <0> packetID <19>
69377 [nioEventLoopGroup-3-5] INFO  te.broker.metrics.MQTTMessageLogger  - C->B PUBACK <4> packetID <17>
Hello from the leader to its neighbor at 1
70360 [nioEventLoopGroup-3-2] INFO  te.broker.metrics.MQTTMessageLogger  - C<-B PUBACK <1> packetID <18>
70691 [nioEventLoopGroup-3-3] INFO  te.broker.metrics.MQTTMessageLogger  - C->B PUBACK <2> packetID <17>
71337 [nioEventLoopGroup-3-2] INFO  te.broker.metrics.MQTTMessageLogger  - C<-B PUBACK <1> packetID <19>
71359 [nioEventLoopGroup-3-1] INFO  te.broker.metrics.MQTTMessageLogger  - C->B PUBACK <0> packetID <17>
72339 [nioEventLoopGroup-3-3] INFO  te.broker.metrics.MQTTMessageLogger  - C<-B PUBACK <2> packetID <18>
72691 [nioEventLoopGroup-3-3] INFO  te.broker.metrics.MQTTMessageLogger  - C<-B PUBACK <2> packetID <19>
73052 [nioEventLoopGroup-3-4] INFO  te.broker.metrics.MQTTMessageLogger  - C->B PUBACK <3> packetID <17>
73340 [nioEventLoopGroup-3-2] INFO  te.broker.metrics.MQTTMessageLogger  - C->B PUBACK <1> packetID <18>
73692 [nioEventLoopGroup-3-4] INFO  te.broker.metrics.MQTTMessageLogger  - C<-B PUBACK <3> packetID <18>
74053 [nioEventLoopGroup-3-4] INFO  te.broker.metrics.MQTTMessageLogger  - C<-B PUBACK <3> packetID <19>
74383 [nioEventLoopGroup-3-5] INFO  te.broker.metrics.MQTTMessageLogger  - C->B PUBACK <4> packetID <18>
74693 [nioEventLoopGroup-3-3] INFO  te.broker.metrics.MQTTMessageLogger  - C->B PUBACK <2> packetID <18>
Hello from the leader to its neighbor at 4
75056 [nioEventLoopGroup-3-5] INFO  te.broker.metrics.MQTTMessageLogger  - C<-B PUBACK <4> packetID <18>
75362 [nioEventLoopGroup-3-1] INFO  te.broker.metrics.MQTTMessageLogger  - C->B PUBACK <0> packetID <18>
75384 [nioEventLoopGroup-3-5] INFO  te.broker.metrics.MQTTMessageLogger  - C<-B PUBACK <4> packetID <19>
76056 [nioEventLoopGroup-3-4] INFO  te.broker.metrics.MQTTMessageLogger  - C->B PUBACK <3> packetID <18>
The leader is at 0
The leader's count is: 0.0
76388 [nioEventLoopGroup-3-1] INFO  te.broker.metrics.MQTTMessageLogger  - C<-B PUBACK <0> packetID <20>
77343 [nioEventLoopGroup-3-2] INFO  te.broker.metrics.MQTTMessageLogger  - C->B PUBACK <1> packetID <19>
77365 [nioEventLoopGroup-3-1] INFO  te.broker.metrics.MQTTMessageLogger  - C<-B PUBACK <0> packetID <21>
77386 [nioEventLoopGroup-3-5] INFO  te.broker.metrics.MQTTMessageLogger  - C->B PUBACK <4> packetID <19>
Hello from the leader to its neighbor at 1
78368 [nioEventLoopGroup-3-2] INFO  te.broker.metrics.MQTTMessageLogger  - C<-B PUBACK <1> packetID <20>
78697 [nioEventLoopGroup-3-3] INFO  te.broker.metrics.MQTTMessageLogger  - C->B PUBACK <2> packetID <19>
79345 [nioEventLoopGroup-3-2] INFO  te.broker.metrics.MQTTMessageLogger  - C<-B PUBACK <1> packetID <21>
79367 [nioEventLoopGroup-3-1] INFO  te.broker.metrics.MQTTMessageLogger  - C->B PUBACK <0> packetID <19>
80347 [nioEventLoopGroup-3-3] INFO  te.broker.metrics.MQTTMessageLogger  - C<-B PUBACK <2> packetID <20>
80699 [nioEventLoopGroup-3-3] INFO  te.broker.metrics.MQTTMessageLogger  - C<-B PUBACK <2> packetID <21>
81059 [nioEventLoopGroup-3-4] INFO  te.broker.metrics.MQTTMessageLogger  - C->B PUBACK <3> packetID <19>
81346 [nioEventLoopGroup-3-2] INFO  te.broker.metrics.MQTTMessageLogger  - C->B PUBACK <1> packetID <20>
81701 [nioEventLoopGroup-3-4] INFO  te.broker.metrics.MQTTMessageLogger  - C<-B PUBACK <3> packetID <20>
82059 [nioEventLoopGroup-3-4] INFO  te.broker.metrics.MQTTMessageLogger  - C<-B PUBACK <3> packetID <21>
82390 [nioEventLoopGroup-3-5] INFO  te.broker.metrics.MQTTMessageLogger  - C->B PUBACK <4> packetID <20>
82701 [nioEventLoopGroup-3-3] INFO  te.broker.metrics.MQTTMessageLogger  - C->B PUBACK <2> packetID <20>
Hello from the leader to its neighbor at 4
83061 [nioEventLoopGroup-3-5] INFO  te.broker.metrics.MQTTMessageLogger  - C<-B PUBACK <4> packetID <20>
83369 [nioEventLoopGroup-3-1] INFO  te.broker.metrics.MQTTMessageLogger  - C->B PUBACK <0> packetID <20>
83390 [nioEventLoopGroup-3-5] INFO  te.broker.metrics.MQTTMessageLogger  - C<-B PUBACK <4> packetID <21>
84061 [nioEventLoopGroup-3-4] INFO  te.broker.metrics.MQTTMessageLogger  - C->B PUBACK <3> packetID <20>
The leader is at 0
The leader's count is: 0.0
84393 [nioEventLoopGroup-3-1] INFO  te.broker.metrics.MQTTMessageLogger  - C<-B PUBACK <0> packetID <22>
85351 [nioEventLoopGroup-3-2] INFO  te.broker.metrics.MQTTMessageLogger  - C->B PUBACK <1> packetID <21>
85370 [nioEventLoopGroup-3-1] INFO  te.broker.metrics.MQTTMessageLogger  - C<-B PUBACK <0> packetID <23>
85391 [nioEventLoopGroup-3-5] INFO  te.broker.metrics.MQTTMessageLogger  - C->B PUBACK <4> packetID <21>
Hello from the leader to its neighbor at 1
86373 [nioEventLoopGroup-3-2] INFO  te.broker.metrics.MQTTMessageLogger  - C<-B PUBACK <1> packetID <22>
86703 [nioEventLoopGroup-3-3] INFO  te.broker.metrics.MQTTMessageLogger  - C->B PUBACK <2> packetID <21>
87353 [nioEventLoopGroup-3-2] INFO  te.broker.metrics.MQTTMessageLogger  - C<-B PUBACK <1> packetID <23>
87372 [nioEventLoopGroup-3-1] INFO  te.broker.metrics.MQTTMessageLogger  - C->B PUBACK <0> packetID <21>
88355 [nioEventLoopGroup-3-3] INFO  te.broker.metrics.MQTTMessageLogger  - C<-B PUBACK <2> packetID <22>
88704 [nioEventLoopGroup-3-3] INFO  te.broker.metrics.MQTTMessageLogger  - C<-B PUBACK <2> packetID <23>
89066 [nioEventLoopGroup-3-4] INFO  te.broker.metrics.MQTTMessageLogger  - C->B PUBACK <3> packetID <21>
89354 [nioEventLoopGroup-3-2] INFO  te.broker.metrics.MQTTMessageLogger  - C->B PUBACK <1> packetID <22>
89705 [nioEventLoopGroup-3-4] INFO  te.broker.metrics.MQTTMessageLogger  - C<-B PUBACK <3> packetID <22>
90067 [nioEventLoopGroup-3-4] INFO  te.broker.metrics.MQTTMessageLogger  - C<-B PUBACK <3> packetID <23>
90395 [nioEventLoopGroup-3-5] INFO  te.broker.metrics.MQTTMessageLogger  - C->B PUBACK <4> packetID <22>
90706 [nioEventLoopGroup-3-3] INFO  te.broker.metrics.MQTTMessageLogger  - C->B PUBACK <2> packetID <22>
Hello from the leader to its neighbor at 4
91070 [nioEventLoopGroup-3-5] INFO  te.broker.metrics.MQTTMessageLogger  - C<-B PUBACK <4> packetID <22>
91375 [nioEventLoopGroup-3-1] INFO  te.broker.metrics.MQTTMessageLogger  - C->B PUBACK <0> packetID <22>
91396 [nioEventLoopGroup-3-5] INFO  te.broker.metrics.MQTTMessageLogger  - C<-B PUBACK <4> packetID <23>
92070 [nioEventLoopGroup-3-4] INFO  te.broker.metrics.MQTTMessageLogger  - C->B PUBACK <3> packetID <22>
The leader is at 0
The leader's count is: 0.0
92400 [nioEventLoopGroup-3-1] INFO  te.broker.metrics.MQTTMessageLogger  - C<-B PUBACK <0> packetID <24>
93358 [nioEventLoopGroup-3-2] INFO  te.broker.metrics.MQTTMessageLogger  - C->B PUBACK <1> packetID <23>
93377 [nioEventLoopGroup-3-1] INFO  te.broker.metrics.MQTTMessageLogger  - C<-B PUBACK <0> packetID <25>
93399 [nioEventLoopGroup-3-5] INFO  te.broker.metrics.MQTTMessageLogger  - C->B PUBACK <4> packetID <23>
Hello from the leader to its neighbor at 1
94379 [nioEventLoopGroup-3-2] INFO  te.broker.metrics.MQTTMessageLogger  - C<-B PUBACK <1> packetID <24>
94709 [nioEventLoopGroup-3-3] INFO  te.broker.metrics.MQTTMessageLogger  - C->B PUBACK <2> packetID <23>
95361 [nioEventLoopGroup-3-2] INFO  te.broker.metrics.MQTTMessageLogger  - C<-B PUBACK <1> packetID <25>
95379 [nioEventLoopGroup-3-1] INFO  te.broker.metrics.MQTTMessageLogger  - C->B PUBACK <0> packetID <23>
96362 [nioEventLoopGroup-3-3] INFO  te.broker.metrics.MQTTMessageLogger  - C<-B PUBACK <2> packetID <24>
96711 [nioEventLoopGroup-3-3] INFO  te.broker.metrics.MQTTMessageLogger  - C<-B PUBACK <2> packetID <25>
97073 [nioEventLoopGroup-3-4] INFO  te.broker.metrics.MQTTMessageLogger  - C->B PUBACK <3> packetID <23>
97363 [nioEventLoopGroup-3-2] INFO  te.broker.metrics.MQTTMessageLogger  - C->B PUBACK <1> packetID <24>
97712 [nioEventLoopGroup-3-4] INFO  te.broker.metrics.MQTTMessageLogger  - C<-B PUBACK <3> packetID <24>
98074 [nioEventLoopGroup-3-4] INFO  te.broker.metrics.MQTTMessageLogger  - C<-B PUBACK <3> packetID <25>
98404 [nioEventLoopGroup-3-5] INFO  te.broker.metrics.MQTTMessageLogger  - C->B PUBACK <4> packetID <24>
98713 [nioEventLoopGroup-3-3] INFO  te.broker.metrics.MQTTMessageLogger  - C->B PUBACK <2> packetID <24>
Hello from the leader to its neighbor at 4
99075 [nioEventLoopGroup-3-5] INFO  te.broker.metrics.MQTTMessageLogger  - C<-B PUBACK <4> packetID <24>
99384 [nioEventLoopGroup-3-1] INFO  te.broker.metrics.MQTTMessageLogger  - C->B PUBACK <0> packetID <24>
99405 [nioEventLoopGroup-3-5] INFO  te.broker.metrics.MQTTMessageLogger  - C<-B PUBACK <4> packetID <25>
100075 [nioEventLoopGroup-3-4] INFO  te.broker.metrics.MQTTMessageLogger  - C->B PUBACK <3> packetID <24>
The leader is at 0
The leader's count is: 0.0
100407 [nioEventLoopGroup-3-1] INFO  te.broker.metrics.MQTTMessageLogger  - C<-B PUBACK <0> packetID <26>
101366 [nioEventLoopGroup-3-2] INFO  te.broker.metrics.MQTTMessageLogger  - C->B PUBACK <1> packetID <25>
101385 [nioEventLoopGroup-3-1] INFO  te.broker.metrics.MQTTMessageLogger  - C<-B PUBACK <0> packetID <27>
101406 [nioEventLoopGroup-3-5] INFO  te.broker.metrics.MQTTMessageLogger  - C->B PUBACK <4> packetID <25>
Hello from the leader to its neighbor at 1
102388 [nioEventLoopGroup-3-2] INFO  te.broker.metrics.MQTTMessageLogger  - C<-B PUBACK <1> packetID <26>
102718 [nioEventLoopGroup-3-3] INFO  te.broker.metrics.MQTTMessageLogger  - C->B PUBACK <2> packetID <25>
103369 [nioEventLoopGroup-3-2] INFO  te.broker.metrics.MQTTMessageLogger  - C<-B PUBACK <1> packetID <27>
103388 [nioEventLoopGroup-3-1] INFO  te.broker.metrics.MQTTMessageLogger  - C->B PUBACK <0> packetID <25>
104370 [nioEventLoopGroup-3-3] INFO  te.broker.metrics.MQTTMessageLogger  - C<-B PUBACK <2> packetID <26>
104719 [nioEventLoopGroup-3-3] INFO  te.broker.metrics.MQTTMessageLogger  - C<-B PUBACK <2> packetID <27>
105081 [nioEventLoopGroup-3-4] INFO  te.broker.metrics.MQTTMessageLogger  - C->B PUBACK <3> packetID <25>
105370 [nioEventLoopGroup-3-2] INFO  te.broker.metrics.MQTTMessageLogger  - C->B PUBACK <1> packetID <26>
105721 [nioEventLoopGroup-3-4] INFO  te.broker.metrics.MQTTMessageLogger  - C<-B PUBACK <3> packetID <26>
106082 [nioEventLoopGroup-3-4] INFO  te.broker.metrics.MQTTMessageLogger  - C<-B PUBACK <3> packetID <27>
106411 [nioEventLoopGroup-3-5] INFO  te.broker.metrics.MQTTMessageLogger  - C->B PUBACK <4> packetID <26>
106722 [nioEventLoopGroup-3-3] INFO  te.broker.metrics.MQTTMessageLogger  - C->B PUBACK <2> packetID <26>
Hello from the leader to its neighbor at 4
107084 [nioEventLoopGroup-3-5] INFO  te.broker.metrics.MQTTMessageLogger  - C<-B PUBACK <4> packetID <26>
107392 [nioEventLoopGroup-3-1] INFO  te.broker.metrics.MQTTMessageLogger  - C->B PUBACK <0> packetID <26>
107412 [nioEventLoopGroup-3-5] INFO  te.broker.metrics.MQTTMessageLogger  - C<-B PUBACK <4> packetID <27>
108084 [nioEventLoopGroup-3-4] INFO  te.broker.metrics.MQTTMessageLogger  - C->B PUBACK <3> packetID <26>
The leader is at 0
The leader's count is: 0.0
108416 [nioEventLoopGroup-3-1] INFO  te.broker.metrics.MQTTMessageLogger  - C<-B PUBACK <0> packetID <28>
109373 [nioEventLoopGroup-3-2] INFO  te.broker.metrics.MQTTMessageLogger  - C->B PUBACK <1> packetID <27>
109393 [nioEventLoopGroup-3-1] INFO  te.broker.metrics.MQTTMessageLogger  - C<-B PUBACK <0> packetID <29>
109413 [nioEventLoopGroup-3-5] INFO  te.broker.metrics.MQTTMessageLogger  - C->B PUBACK <4> packetID <27>
Hello from the leader to its neighbor at 1
110395 [nioEventLoopGroup-3-2] INFO  te.broker.metrics.MQTTMessageLogger  - C<-B PUBACK <1> packetID <28>
110727 [nioEventLoopGroup-3-3] INFO  te.broker.metrics.MQTTMessageLogger  - C->B PUBACK <2> packetID <27>
111375 [nioEventLoopGroup-3-2] INFO  te.broker.metrics.MQTTMessageLogger  - C<-B PUBACK <1> packetID <29>
111394 [nioEventLoopGroup-3-1] INFO  te.broker.metrics.MQTTMessageLogger  - C->B PUBACK <0> packetID <27>
112377 [nioEventLoopGroup-3-3] INFO  te.broker.metrics.MQTTMessageLogger  - C<-B PUBACK <2> packetID <28>
112728 [nioEventLoopGroup-3-3] INFO  te.broker.metrics.MQTTMessageLogger  - C<-B PUBACK <2> packetID <29>
113090 [nioEventLoopGroup-3-4] INFO  te.broker.metrics.MQTTMessageLogger  - C->B PUBACK <3> packetID <27>
113377 [nioEventLoopGroup-3-2] INFO  te.broker.metrics.MQTTMessageLogger  - C->B PUBACK <1> packetID <28>
113729 [nioEventLoopGroup-3-4] INFO  te.broker.metrics.MQTTMessageLogger  - C<-B PUBACK <3> packetID <28>
114090 [nioEventLoopGroup-3-4] INFO  te.broker.metrics.MQTTMessageLogger  - C<-B PUBACK <3> packetID <29>
114420 [nioEventLoopGroup-3-5] INFO  te.broker.metrics.MQTTMessageLogger  - C->B PUBACK <4> packetID <28>
114729 [nioEventLoopGroup-3-3] INFO  te.broker.metrics.MQTTMessageLogger  - C->B PUBACK <2> packetID <28>
Hello from the leader to its neighbor at 4
115093 [nioEventLoopGroup-3-5] INFO  te.broker.metrics.MQTTMessageLogger  - C<-B PUBACK <4> packetID <28>
115398 [nioEventLoopGroup-3-1] INFO  te.broker.metrics.MQTTMessageLogger  - C->B PUBACK <0> packetID <28>
115420 [nioEventLoopGroup-3-5] INFO  te.broker.metrics.MQTTMessageLogger  - C<-B PUBACK <4> packetID <29>
116093 [nioEventLoopGroup-3-4] INFO  te.broker.metrics.MQTTMessageLogger  - C->B PUBACK <3> packetID <28>
The leader is at 0
The leader's count is: 0.0
116422 [nioEventLoopGroup-3-1] INFO  te.broker.metrics.MQTTMessageLogger  - C<-B PUBACK <0> packetID <30>
117381 [nioEventLoopGroup-3-2] INFO  te.broker.metrics.MQTTMessageLogger  - C->B PUBACK <1> packetID <29>
117400 [nioEventLoopGroup-3-1] INFO  te.broker.metrics.MQTTMessageLogger  - C<-B PUBACK <0> packetID <31>
117421 [nioEventLoopGroup-3-5] INFO  te.broker.metrics.MQTTMessageLogger  - C->B PUBACK <4> packetID <29>
Hello from the leader to its neighbor at 1
118400 [nioEventLoopGroup-3-2] INFO  te.broker.metrics.MQTTMessageLogger  - C<-B PUBACK <1> packetID <30>
118734 [nioEventLoopGroup-3-3] INFO  te.broker.metrics.MQTTMessageLogger  - C->B PUBACK <2> packetID <29>
119382 [nioEventLoopGroup-3-2] INFO  te.broker.metrics.MQTTMessageLogger  - C<-B PUBACK <1> packetID <31>
119401 [nioEventLoopGroup-3-1] INFO  te.broker.metrics.MQTTMessageLogger  - C->B PUBACK <0> packetID <29>
120383 [nioEventLoopGroup-3-3] INFO  te.broker.metrics.MQTTMessageLogger  - C<-B PUBACK <2> packetID <30>
120735 [nioEventLoopGroup-3-3] INFO  te.broker.metrics.MQTTMessageLogger  - C<-B PUBACK <2> packetID <31>
121096 [nioEventLoopGroup-3-4] INFO  te.broker.metrics.MQTTMessageLogger  - C->B PUBACK <3> packetID <29>
121385 [nioEventLoopGroup-3-2] INFO  te.broker.metrics.MQTTMessageLogger  - C->B PUBACK <1> packetID <30>
121737 [nioEventLoopGroup-3-4] INFO  te.broker.metrics.MQTTMessageLogger  - C<-B PUBACK <3> packetID <30>
122096 [nioEventLoopGroup-3-4] INFO  te.broker.metrics.MQTTMessageLogger  - C<-B PUBACK <3> packetID <31>
122426 [nioEventLoopGroup-3-5] INFO  te.broker.metrics.MQTTMessageLogger  - C->B PUBACK <4> packetID <30>
122738 [nioEventLoopGroup-3-3] INFO  te.broker.metrics.MQTTMessageLogger  - C->B PUBACK <2> packetID <30>
Hello from the leader to its neighbor at 4
123099 [nioEventLoopGroup-3-5] INFO  te.broker.metrics.MQTTMessageLogger  - C<-B PUBACK <4> packetID <30>
123404 [nioEventLoopGroup-3-1] INFO  te.broker.metrics.MQTTMessageLogger  - C->B PUBACK <0> packetID <30>
123425 [nioEventLoopGroup-3-5] INFO  te.broker.metrics.MQTTMessageLogger  - C<-B PUBACK <4> packetID <31>
124098 [nioEventLoopGroup-3-4] INFO  te.broker.metrics.MQTTMessageLogger  - C->B PUBACK <3> packetID <30>
The leader is at 0
The leader's count is: 0.0
124430 [nioEventLoopGroup-3-1] INFO  te.broker.metrics.MQTTMessageLogger  - C<-B PUBACK <0> packetID <32>
125388 [nioEventLoopGroup-3-2] INFO  te.broker.metrics.MQTTMessageLogger  - C->B PUBACK <1> packetID <31>
125406 [nioEventLoopGroup-3-1] INFO  te.broker.metrics.MQTTMessageLogger  - C<-B PUBACK <0> packetID <33>
125427 [nioEventLoopGroup-3-5] INFO  te.broker.metrics.MQTTMessageLogger  - C->B PUBACK <4> packetID <31>
Hello from the leader to its neighbor at 1
126408 [nioEventLoopGroup-3-2] INFO  te.broker.metrics.MQTTMessageLogger  - C<-B PUBACK <1> packetID <32>
126741 [nioEventLoopGroup-3-3] INFO  te.broker.metrics.MQTTMessageLogger  - C->B PUBACK <2> packetID <31>
127390 [nioEventLoopGroup-3-2] INFO  te.broker.metrics.MQTTMessageLogger  - C<-B PUBACK <1> packetID <33>
127408 [nioEventLoopGroup-3-1] INFO  te.broker.metrics.MQTTMessageLogger  - C->B PUBACK <0> packetID <31>
128391 [nioEventLoopGroup-3-3] INFO  te.broker.metrics.MQTTMessageLogger  - C<-B PUBACK <2> packetID <32>
128742 [nioEventLoopGroup-3-3] INFO  te.broker.metrics.MQTTMessageLogger  - C<-B PUBACK <2> packetID <33>
129102 [nioEventLoopGroup-3-4] INFO  te.broker.metrics.MQTTMessageLogger  - C->B PUBACK <3> packetID <31>
129391 [nioEventLoopGroup-3-2] INFO  te.broker.metrics.MQTTMessageLogger  - C->B PUBACK <1> packetID <32>
129744 [nioEventLoopGroup-3-4] INFO  te.broker.metrics.MQTTMessageLogger  - C<-B PUBACK <3> packetID <32>
130102 [nioEventLoopGroup-3-4] INFO  te.broker.metrics.MQTTMessageLogger  - C<-B PUBACK <3> packetID <33>
130431 [nioEventLoopGroup-3-5] INFO  te.broker.metrics.MQTTMessageLogger  - C->B PUBACK <4> packetID <32>
130745 [nioEventLoopGroup-3-3] INFO  te.broker.metrics.MQTTMessageLogger  - C->B PUBACK <2> packetID <32>
Hello from the leader to its neighbor at 4
131104 [nioEventLoopGroup-3-5] INFO  te.broker.metrics.MQTTMessageLogger  - C<-B PUBACK <4> packetID <32>
131412 [nioEventLoopGroup-3-1] INFO  te.broker.metrics.MQTTMessageLogger  - C->B PUBACK <0> packetID <32>
131431 [nioEventLoopGroup-3-5] INFO  te.broker.metrics.MQTTMessageLogger  - C<-B PUBACK <4> packetID <33>
132104 [nioEventLoopGroup-3-4] INFO  te.broker.metrics.MQTTMessageLogger  - C->B PUBACK <3> packetID <32>
The leader is at 0
The leader's count is: 0.0
132435 [nioEventLoopGroup-3-1] INFO  te.broker.metrics.MQTTMessageLogger  - C<-B PUBACK <0> packetID <34>
133394 [nioEventLoopGroup-3-2] INFO  te.broker.metrics.MQTTMessageLogger  - C->B PUBACK <1> packetID <33>
133414 [nioEventLoopGroup-3-1] INFO  te.broker.metrics.MQTTMessageLogger  - C<-B PUBACK <0> packetID <35>
133434 [nioEventLoopGroup-3-5] INFO  te.broker.metrics.MQTTMessageLogger  - C->B PUBACK <4> packetID <33>
Hello from the leader to its neighbor at 1
134416 [nioEventLoopGroup-3-2] INFO  te.broker.metrics.MQTTMessageLogger  - C<-B PUBACK <1> packetID <34>
134750 [nioEventLoopGroup-3-3] INFO  te.broker.metrics.MQTTMessageLogger  - C->B PUBACK <2> packetID <33>
135395 [nioEventLoopGroup-3-2] INFO  te.broker.metrics.MQTTMessageLogger  - C<-B PUBACK <1> packetID <35>
135415 [nioEventLoopGroup-3-1] INFO  te.broker.metrics.MQTTMessageLogger  - C->B PUBACK <0> packetID <33>
136395 [nioEventLoopGroup-3-3] INFO  te.broker.metrics.MQTTMessageLogger  - C<-B PUBACK <2> packetID <34>
136750 [nioEventLoopGroup-3-3] INFO  te.broker.metrics.MQTTMessageLogger  - C<-B PUBACK <2> packetID <35>
137108 [nioEventLoopGroup-3-4] INFO  te.broker.metrics.MQTTMessageLogger  - C->B PUBACK <3> packetID <33>
137397 [nioEventLoopGroup-3-2] INFO  te.broker.metrics.MQTTMessageLogger  - C->B PUBACK <1> packetID <34>
137751 [nioEventLoopGroup-3-4] INFO  te.broker.metrics.MQTTMessageLogger  - C<-B PUBACK <3> packetID <34>
138108 [nioEventLoopGroup-3-4] INFO  te.broker.metrics.MQTTMessageLogger  - C<-B PUBACK <3> packetID <35>
138439 [nioEventLoopGroup-3-5] INFO  te.broker.metrics.MQTTMessageLogger  - C->B PUBACK <4> packetID <34>
138751 [nioEventLoopGroup-3-3] INFO  te.broker.metrics.MQTTMessageLogger  - C->B PUBACK <2> packetID <34>
Hello from the leader to its neighbor at 4
139110 [nioEventLoopGroup-3-5] INFO  te.broker.metrics.MQTTMessageLogger  - C<-B PUBACK <4> packetID <34>
139420 [nioEventLoopGroup-3-1] INFO  te.broker.metrics.MQTTMessageLogger  - C->B PUBACK <0> packetID <34>
139439 [nioEventLoopGroup-3-5] INFO  te.broker.metrics.MQTTMessageLogger  - C<-B PUBACK <4> packetID <35>
140110 [nioEventLoopGroup-3-4] INFO  te.broker.metrics.MQTTMessageLogger  - C->B PUBACK <3> packetID <34>
The leader is at 0
The leader's count is: 0.0
140442 [nioEventLoopGroup-3-1] INFO  te.broker.metrics.MQTTMessageLogger  - C<-B PUBACK <0> packetID <36>
141401 [nioEventLoopGroup-3-2] INFO  te.broker.metrics.MQTTMessageLogger  - C->B PUBACK <1> packetID <35>
141420 [nioEventLoopGroup-3-1] INFO  te.broker.metrics.MQTTMessageLogger  - C<-B PUBACK <0> packetID <37>
141441 [nioEventLoopGroup-3-5] INFO  te.broker.metrics.MQTTMessageLogger  - C->B PUBACK <4> packetID <35>
Hello from the leader to its neighbor at 1
142423 [nioEventLoopGroup-3-2] INFO  te.broker.metrics.MQTTMessageLogger  - C<-B PUBACK <1> packetID <36>
142755 [nioEventLoopGroup-3-3] INFO  te.broker.metrics.MQTTMessageLogger  - C->B PUBACK <2> packetID <35>
143402 [nioEventLoopGroup-3-2] INFO  te.broker.metrics.MQTTMessageLogger  - C<-B PUBACK <1> packetID <37>
143423 [nioEventLoopGroup-3-1] INFO  te.broker.metrics.MQTTMessageLogger  - C->B PUBACK <0> packetID <35>
144404 [nioEventLoopGroup-3-3] INFO  te.broker.metrics.MQTTMessageLogger  - C<-B PUBACK <2> packetID <36>
144757 [nioEventLoopGroup-3-3] INFO  te.broker.metrics.MQTTMessageLogger  - C<-B PUBACK <2> packetID <37>
145114 [nioEventLoopGroup-3-4] INFO  te.broker.metrics.MQTTMessageLogger  - C->B PUBACK <3> packetID <35>
145405 [nioEventLoopGroup-3-2] INFO  te.broker.metrics.MQTTMessageLogger  - C->B PUBACK <1> packetID <36>
145758 [nioEventLoopGroup-3-4] INFO  te.broker.metrics.MQTTMessageLogger  - C<-B PUBACK <3> packetID <36>
146114 [nioEventLoopGroup-3-4] INFO  te.broker.metrics.MQTTMessageLogger  - C<-B PUBACK <3> packetID <37>
146447 [nioEventLoopGroup-3-5] INFO  te.broker.metrics.MQTTMessageLogger  - C->B PUBACK <4> packetID <36>
146759 [nioEventLoopGroup-3-3] INFO  te.broker.metrics.MQTTMessageLogger  - C->B PUBACK <2> packetID <36>
Hello from the leader to its neighbor at 4
147116 [nioEventLoopGroup-3-5] INFO  te.broker.metrics.MQTTMessageLogger  - C<-B PUBACK <4> packetID <36>
147427 [nioEventLoopGroup-3-1] INFO  te.broker.metrics.MQTTMessageLogger  - C->B PUBACK <0> packetID <36>
147447 [nioEventLoopGroup-3-5] INFO  te.broker.metrics.MQTTMessageLogger  - C<-B PUBACK <4> packetID <37>
148116 [nioEventLoopGroup-3-4] INFO  te.broker.metrics.MQTTMessageLogger  - C->B PUBACK <3> packetID <36>
The leader is at 0
The leader's count is: 0.0
148450 [nioEventLoopGroup-3-1] INFO  te.broker.metrics.MQTTMessageLogger  - C<-B PUBACK <0> packetID <38>
149408 [nioEventLoopGroup-3-2] INFO  te.broker.metrics.MQTTMessageLogger  - C->B PUBACK <1> packetID <37>
149428 [nioEventLoopGroup-3-1] INFO  te.broker.metrics.MQTTMessageLogger  - C<-B PUBACK <0> packetID <39>
149448 [nioEventLoopGroup-3-5] INFO  te.broker.metrics.MQTTMessageLogger  - C->B PUBACK <4> packetID <37>
Hello from the leader to its neighbor at 1
150429 [nioEventLoopGroup-3-2] INFO  te.broker.metrics.MQTTMessageLogger  - C<-B PUBACK <1> packetID <38>
150763 [nioEventLoopGroup-3-3] INFO  te.broker.metrics.MQTTMessageLogger  - C->B PUBACK <2> packetID <37>
151410 [nioEventLoopGroup-3-2] INFO  te.broker.metrics.MQTTMessageLogger  - C<-B PUBACK <1> packetID <39>
151429 [nioEventLoopGroup-3-1] INFO  te.broker.metrics.MQTTMessageLogger  - C->B PUBACK <0> packetID <37>
152411 [nioEventLoopGroup-3-3] INFO  te.broker.metrics.MQTTMessageLogger  - C<-B PUBACK <2> packetID <38>
152764 [nioEventLoopGroup-3-3] INFO  te.broker.metrics.MQTTMessageLogger  - C<-B PUBACK <2> packetID <39>
153120 [nioEventLoopGroup-3-4] INFO  te.broker.metrics.MQTTMessageLogger  - C->B PUBACK <3> packetID <37>
153412 [nioEventLoopGroup-3-2] INFO  te.broker.metrics.MQTTMessageLogger  - C->B PUBACK <1> packetID <38>
153765 [nioEventLoopGroup-3-4] INFO  te.broker.metrics.MQTTMessageLogger  - C<-B PUBACK <3> packetID <38>
154120 [nioEventLoopGroup-3-4] INFO  te.broker.metrics.MQTTMessageLogger  - C<-B PUBACK <3> packetID <39>
154453 [nioEventLoopGroup-3-5] INFO  te.broker.metrics.MQTTMessageLogger  - C->B PUBACK <4> packetID <38>
154765 [nioEventLoopGroup-3-3] INFO  te.broker.metrics.MQTTMessageLogger  - C->B PUBACK <2> packetID <38>
Hello from the leader to its neighbor at 4
155123 [nioEventLoopGroup-3-5] INFO  te.broker.metrics.MQTTMessageLogger  - C<-B PUBACK <4> packetID <38>
155434 [nioEventLoopGroup-3-1] INFO  te.broker.metrics.MQTTMessageLogger  - C->B PUBACK <0> packetID <38>
155454 [nioEventLoopGroup-3-5] INFO  te.broker.metrics.MQTTMessageLogger  - C<-B PUBACK <4> packetID <39>
156123 [nioEventLoopGroup-3-4] INFO  te.broker.metrics.MQTTMessageLogger  - C->B PUBACK <3> packetID <38>
The leader is at 0
The leader's count is: 0.0
156456 [nioEventLoopGroup-3-1] INFO  te.broker.metrics.MQTTMessageLogger  - C<-B PUBACK <0> packetID <40>
157416 [nioEventLoopGroup-3-2] INFO  te.broker.metrics.MQTTMessageLogger  - C->B PUBACK <1> packetID <39>
157436 [nioEventLoopGroup-3-1] INFO  te.broker.metrics.MQTTMessageLogger  - C<-B PUBACK <0> packetID <41>
157455 [nioEventLoopGroup-3-5] INFO  te.broker.metrics.MQTTMessageLogger  - C->B PUBACK <4> packetID <39>
Hello from the leader to its neighbor at 1
158438 [nioEventLoopGroup-3-2] INFO  te.broker.metrics.MQTTMessageLogger  - C<-B PUBACK <1> packetID <40>
158769 [nioEventLoopGroup-3-3] INFO  te.broker.metrics.MQTTMessageLogger  - C->B PUBACK <2> packetID <39>
159418 [nioEventLoopGroup-3-2] INFO  te.broker.metrics.MQTTMessageLogger  - C<-B PUBACK <1> packetID <41>
159438 [nioEventLoopGroup-3-1] INFO  te.broker.metrics.MQTTMessageLogger  - C->B PUBACK <0> packetID <39>
160420 [nioEventLoopGroup-3-3] INFO  te.broker.metrics.MQTTMessageLogger  - C<-B PUBACK <2> packetID <40>
160771 [nioEventLoopGroup-3-3] INFO  te.broker.metrics.MQTTMessageLogger  - C<-B PUBACK <2> packetID <41>
161128 [nioEventLoopGroup-3-4] INFO  te.broker.metrics.MQTTMessageLogger  - C->B PUBACK <3> packetID <39>
161420 [nioEventLoopGroup-3-2] INFO  te.broker.metrics.MQTTMessageLogger  - C->B PUBACK <1> packetID <40>
161773 [nioEventLoopGroup-3-4] INFO  te.broker.metrics.MQTTMessageLogger  - C<-B PUBACK <3> packetID <40>
162128 [nioEventLoopGroup-3-4] INFO  te.broker.metrics.MQTTMessageLogger  - C<-B PUBACK <3> packetID <41>
162459 [nioEventLoopGroup-3-5] INFO  te.broker.metrics.MQTTMessageLogger  - C->B PUBACK <4> packetID <40>
162774 [nioEventLoopGroup-3-3] INFO  te.broker.metrics.MQTTMessageLogger  - C->B PUBACK <2> packetID <40>
Hello from the leader to its neighbor at 4
163129 [nioEventLoopGroup-3-5] INFO  te.broker.metrics.MQTTMessageLogger  - C<-B PUBACK <4> packetID <40>
163443 [nioEventLoopGroup-3-1] INFO  te.broker.metrics.MQTTMessageLogger  - C->B PUBACK <0> packetID <40>
163459 [nioEventLoopGroup-3-5] INFO  te.broker.metrics.MQTTMessageLogger  - C<-B PUBACK <4> packetID <41>
164129 [nioEventLoopGroup-3-4] INFO  te.broker.metrics.MQTTMessageLogger  - C->B PUBACK <3> packetID <40>
164464 [nioEventLoopGroup-3-2] INFO  te.broker.metrics.MQTTMessageLogger  - C->B DISCONNECT <1>
164464 [nioEventLoopGroup-3-1] INFO  te.broker.metrics.MQTTMessageLogger  - C->B DISCONNECT <0>
164466 [nioEventLoopGroup-3-3] INFO  te.broker.metrics.MQTTMessageLogger  - C->B DISCONNECT <2>
164468 [nioEventLoopGroup-3-1] INFO  te.broker.metrics.MQTTMessageLogger  - Channel closed <0>
164468 [nioEventLoopGroup-3-2] INFO  te.broker.metrics.MQTTMessageLogger  - Channel closed <1>
164468 [nioEventLoopGroup-3-3] INFO  te.broker.metrics.MQTTMessageLogger  - Channel closed <2>
164473 [nioEventLoopGroup-3-4] INFO  te.broker.metrics.MQTTMessageLogger  - C->B DISCONNECT <3>
164474 [nioEventLoopGroup-3-5] INFO  te.broker.metrics.MQTTMessageLogger  - C->B DISCONNECT <4>
164476 [nioEventLoopGroup-3-5] INFO  te.broker.metrics.MQTTMessageLogger  - Channel closed <4>
164476 [nioEventLoopGroup-3-4] INFO  te.broker.metrics.MQTTMessageLogger  - Channel closed <3>
164495 [nioEventLoopGroup-3-1] INFO    io.moquette.broker.MQTTConnection  - Notifying connection lost event. CId: 0, channel: [id: 0x20613e7c, L:0.0.0.0/0.0.0.0:1883 ! R:/127.0.0.1:43244]
164495 [nioEventLoopGroup-3-3] INFO    io.moquette.broker.MQTTConnection  - Notifying connection lost event. CId: 2, channel: [id: 0xe2580e54, L:0.0.0.0/0.0.0.0:1883 ! R:/127.0.0.1:43248]
164495 [nioEventLoopGroup-3-4] INFO    io.moquette.broker.MQTTConnection  - Notifying connection lost event. CId: 3, channel: [id: 0x9265719d, L:0.0.0.0/0.0.0.0:1883 ! R:/127.0.0.1:43250]
164495 [nioEventLoopGroup-3-5] INFO    io.moquette.broker.MQTTConnection  - Notifying connection lost event. CId: 4, channel: [id: 0xa84eb341, L:0.0.0.0/0.0.0.0:1883 ! R:/127.0.0.1:43252]
164495 [nioEventLoopGroup-3-2] INFO    io.moquette.broker.MQTTConnection  - Notifying connection lost event. CId: 1, channel: [id: 0x123ecae4, L:0.0.0.0/0.0.0.0:1883 ! R:/127.0.0.1:43246]
164575 [kotlintest-engine-0 @coroutine#1] INFO            io.moquette.broker.Server  - Unbinding integration from the configured ports
164587 [kotlintest-engine-0 @coroutine#1] INFO  io.moquette.broker.NewNettyAcceptor  - Waiting for worker and boss event loop groups to terminate...
166791 [kotlintest-engine-0 @coroutine#1] INFO  io.moquette.broker.NewNettyAcceptor  - Metrics messages[read=415, write=410] bytes[read=93550, write=0]
166792 [kotlintest-engine-0 @coroutine#1] INFO            io.moquette.broker.Server  - Moquette integration has been stopped.
]]></system-out>
  <system-err><![CDATA[]]></system-err>
</testsuite>
